[32minfo[39m: MongoDB Connection is up and running
[31merror[39m: Server selection timed out after 30000 ms
[32minfo[39m: MongoDB Connection is up and running
[31merror[39m: Error: You have already started this interview
    at Object.createInterviewSession (E:\SLIIT\Year 4\Research\Web App\yasiru-be\services\interview-session.service.js:21:11)
    at processTicksAndRejections (node:internal/process/task_queues:96:5)
    at async E:\SLIIT\Year 4\Research\Web App\yasiru-be\controllers\interview-session.controller.js:8:28
[31merror[39m: Error: You have already started this interview
    at Object.createInterviewSession (E:\SLIIT\Year 4\Research\Web App\yasiru-be\services\interview-session.service.js:21:11)
    at processTicksAndRejections (node:internal/process/task_queues:96:5)
    at async E:\SLIIT\Year 4\Research\Web App\yasiru-be\controllers\interview-session.controller.js:8:28
[31merror[39m: Error: You have already started this interview
    at Object.createInterviewSession (E:\SLIIT\Year 4\Research\Web App\yasiru-be\services\interview-session.service.js:21:11)
    at processTicksAndRejections (node:internal/process/task_queues:96:5)
    at async E:\SLIIT\Year 4\Research\Web App\yasiru-be\controllers\interview-session.controller.js:8:28
[31merror[39m: Error: "questionType" is required
    at E:\SLIIT\Year 4\Research\Web App\yasiru-be\middlewares\validate.js:16:17
    at Layer.handle [as handle_request] (E:\SLIIT\Year 4\Research\Web App\yasiru-be\node_modules\express\lib\router\layer.js:95:5)
    at next (E:\SLIIT\Year 4\Research\Web App\yasiru-be\node_modules\express\lib\router\route.js:144:13)
    at E:\SLIIT\Year 4\Research\Web App\yasiru-be\middlewares\auth.js:29:19
    at processTicksAndRejections (node:internal/process/task_queues:96:5)
[31merror[39m: Error: "questionType" is required
    at E:\SLIIT\Year 4\Research\Web App\yasiru-be\middlewares\validate.js:16:17
    at Layer.handle [as handle_request] (E:\SLIIT\Year 4\Research\Web App\yasiru-be\node_modules\express\lib\router\layer.js:95:5)
    at next (E:\SLIIT\Year 4\Research\Web App\yasiru-be\node_modules\express\lib\router\route.js:144:13)
    at E:\SLIIT\Year 4\Research\Web App\yasiru-be\middlewares\auth.js:29:19
    at processTicksAndRejections (node:internal/process/task_queues:96:5)
